
*** Running vivado
    with args -log digital_clock.vds -m64 -product Vivado -mode batch -messageDb vivado.pb -notrace -source digital_clock.tcl



****** Vivado v2022.2 (64-bit)
  **** SW Build 3671981 on Fri Oct 14 05:00:03 MDT 2022
  **** IP Build 3669848 on Fri Oct 14 08:30:02 MDT 2022
    ** Copyright 1986-2022 Xilinx, Inc. All Rights Reserved.

source digital_clock.tcl -notrace
create_project: Time (s): cpu = 00:00:05 ; elapsed = 00:00:06 . Memory (MB): peak = 392.539 ; gain = 71.453
Command: read_checkpoint -auto_incremental -incremental C:/Users/Siva/project_1/project_1.srcs/utils_1/imports/synth_1/digital_clock.dcp
INFO: [Vivado 12-5825] Read reference checkpoint from C:/Users/Siva/project_1/project_1.srcs/utils_1/imports/synth_1/digital_clock.dcp for incremental synthesis
INFO: [Vivado 12-7989] Please ensure there are no constraint changes
Command: synth_design -top digital_clock -part xc7k70tfbv676-1
Starting synth_design
Attempting to get a license for feature 'Synthesis' and/or device 'xc7k70t'
INFO: [Common 17-349] Got license for feature 'Synthesis' and/or device 'xc7k70t'
INFO: [Designutils 20-5440] No compile time benefit to using incremental synthesis; A full resynthesis will be run
INFO: [Designutils 20-4379] Flow is switching to default flow due to incremental criteria not met. If you would like to alter this behaviour and have the flow terminate instead, please set the following parameter config_implementation {autoIncr.Synth.RejectBehavior Terminate}
INFO: [Synth 8-7079] Multithreading enabled for synth_design using a maximum of 2 processes.
INFO: [Synth 8-7078] Launching helper process for spawning children vivado processes
INFO: [Synth 8-7075] Helper process launched with PID 21160
INFO: [Synth 8-11241] undeclared symbol 'REGCCE', assumed default net type 'wire' [C:/Xilinx/Vivado/2022.2/data/verilog/src/unimacro/BRAM_SINGLE_MACRO.v:2170]
---------------------------------------------------------------------------------
Starting Synthesize : Time (s): cpu = 00:00:08 ; elapsed = 00:00:08 . Memory (MB): peak = 835.551 ; gain = 410.309
---------------------------------------------------------------------------------
INFO: [Synth 8-638] synthesizing module 'digital_clock' [C:/Users/Siva/project_1/project_1.srcs/sources_1/new/digital_clock.vhd:36]
INFO: [Synth 8-3491] module 'clk_div' declared at 'C:/Users/Siva/project_1/project_1.srcs/sources_1/new/digital_clock.vhd:150' bound to instance 'create_1s_clock' of component 'clk_div' [C:/Users/Siva/project_1/project_1.srcs/sources_1/new/digital_clock.vhd:59]
INFO: [Synth 8-638] synthesizing module 'clk_div' [C:/Users/Siva/project_1/project_1.srcs/sources_1/new/digital_clock.vhd:156]
INFO: [Synth 8-256] done synthesizing module 'clk_div' (0#1) [C:/Users/Siva/project_1/project_1.srcs/sources_1/new/digital_clock.vhd:156]
WARNING: [Synth 8-614] signal 'H_in1' is read in the process but is not in the sensitivity list [C:/Users/Siva/project_1/project_1.srcs/sources_1/new/digital_clock.vhd:61]
WARNING: [Synth 8-614] signal 'H_in0' is read in the process but is not in the sensitivity list [C:/Users/Siva/project_1/project_1.srcs/sources_1/new/digital_clock.vhd:61]
WARNING: [Synth 8-614] signal 'M_in1' is read in the process but is not in the sensitivity list [C:/Users/Siva/project_1/project_1.srcs/sources_1/new/digital_clock.vhd:61]
WARNING: [Synth 8-614] signal 'M_in0' is read in the process but is not in the sensitivity list [C:/Users/Siva/project_1/project_1.srcs/sources_1/new/digital_clock.vhd:61]
INFO: [Synth 8-3491] module 'bin2hex' declared at 'C:/Users/Siva/project_1/project_1.srcs/sources_1/new/digital_clock.vhd:114' bound to instance 'convert_hex_H_out1' of component 'bin2hex' [C:/Users/Siva/project_1/project_1.srcs/sources_1/new/digital_clock.vhd:90]
INFO: [Synth 8-638] synthesizing module 'bin2hex' [C:/Users/Siva/project_1/project_1.srcs/sources_1/new/digital_clock.vhd:120]
INFO: [Synth 8-256] done synthesizing module 'bin2hex' (0#1) [C:/Users/Siva/project_1/project_1.srcs/sources_1/new/digital_clock.vhd:120]
INFO: [Synth 8-3491] module 'bin2hex' declared at 'C:/Users/Siva/project_1/project_1.srcs/sources_1/new/digital_clock.vhd:114' bound to instance 'convert_hex_H_out0' of component 'bin2hex' [C:/Users/Siva/project_1/project_1.srcs/sources_1/new/digital_clock.vhd:94]
INFO: [Synth 8-3491] module 'bin2hex' declared at 'C:/Users/Siva/project_1/project_1.srcs/sources_1/new/digital_clock.vhd:114' bound to instance 'convert_hex_M_out1' of component 'bin2hex' [C:/Users/Siva/project_1/project_1.srcs/sources_1/new/digital_clock.vhd:103]
INFO: [Synth 8-3491] module 'bin2hex' declared at 'C:/Users/Siva/project_1/project_1.srcs/sources_1/new/digital_clock.vhd:114' bound to instance 'convert_hex_M_out0' of component 'bin2hex' [C:/Users/Siva/project_1/project_1.srcs/sources_1/new/digital_clock.vhd:107]
INFO: [Synth 8-256] done synthesizing module 'digital_clock' (0#1) [C:/Users/Siva/project_1/project_1.srcs/sources_1/new/digital_clock.vhd:36]
---------------------------------------------------------------------------------
Finished Synthesize : Time (s): cpu = 00:00:10 ; elapsed = 00:00:10 . Memory (MB): peak = 926.074 ; gain = 500.832
---------------------------------------------------------------------------------
---------------------------------------------------------------------------------
Finished Constraint Validation : Time (s): cpu = 00:00:11 ; elapsed = 00:00:11 . Memory (MB): peak = 926.074 ; gain = 500.832
---------------------------------------------------------------------------------
---------------------------------------------------------------------------------
Start Loading Part and Timing Information
---------------------------------------------------------------------------------
Loading part: xc7k70tfbv676-1
---------------------------------------------------------------------------------
Finished Loading Part and Timing Information : Time (s): cpu = 00:00:11 ; elapsed = 00:00:11 . Memory (MB): peak = 926.074 ; gain = 500.832
---------------------------------------------------------------------------------
INFO: [Device 21-403] Loading part xc7k70tfbv676-1
---------------------------------------------------------------------------------
Finished RTL Optimization Phase 2 : Time (s): cpu = 00:00:11 ; elapsed = 00:00:11 . Memory (MB): peak = 926.074 ; gain = 500.832
---------------------------------------------------------------------------------
No constraint files found.
---------------------------------------------------------------------------------
Start RTL Component Statistics 
---------------------------------------------------------------------------------
Detailed RTL Component Info : 
+---Adders : 
	   2 Input   32 Bit       Adders := 2     
+---Registers : 
	               32 Bit    Registers := 2     
+---Muxes : 
	   2 Input   32 Bit        Muxes := 6     
	   5 Input    3 Bit        Muxes := 1     
	   2 Input    2 Bit        Muxes := 1     
---------------------------------------------------------------------------------
Finished RTL Component Statistics 
---------------------------------------------------------------------------------
---------------------------------------------------------------------------------
Start Part Resource Summary
---------------------------------------------------------------------------------
Part Resources:
DSPs: 240 (col length:80)
BRAMs: 270 (col length: RAMB18 80 RAMB36 40)
---------------------------------------------------------------------------------
Finished Part Resource Summary
---------------------------------------------------------------------------------
No constraint files found.
---------------------------------------------------------------------------------
Start Cross Boundary and Area Optimization
---------------------------------------------------------------------------------
WARNING: [Synth 8-7080] Parallel synthesis criteria is not met
---------------------------------------------------------------------------------
Finished Cross Boundary and Area Optimization : Time (s): cpu = 00:00:18 ; elapsed = 00:00:20 . Memory (MB): peak = 1118.051 ; gain = 692.809
---------------------------------------------------------------------------------
No constraint files found.
---------------------------------------------------------------------------------
Start Timing Optimization
---------------------------------------------------------------------------------
---------------------------------------------------------------------------------
Finished Timing Optimization : Time (s): cpu = 00:00:18 ; elapsed = 00:00:20 . Memory (MB): peak = 1118.051 ; gain = 692.809
---------------------------------------------------------------------------------
---------------------------------------------------------------------------------
Start Technology Mapping
---------------------------------------------------------------------------------
---------------------------------------------------------------------------------
Finished Technology Mapping : Time (s): cpu = 00:00:18 ; elapsed = 00:00:20 . Memory (MB): peak = 1118.051 ; gain = 692.809
---------------------------------------------------------------------------------
---------------------------------------------------------------------------------
Start IO Insertion
---------------------------------------------------------------------------------
---------------------------------------------------------------------------------
Start Flattening Before IO Insertion
---------------------------------------------------------------------------------
---------------------------------------------------------------------------------
Finished Flattening Before IO Insertion
---------------------------------------------------------------------------------
---------------------------------------------------------------------------------
Start Final Netlist Cleanup
---------------------------------------------------------------------------------
---------------------------------------------------------------------------------
Finished Final Netlist Cleanup
---------------------------------------------------------------------------------
---------------------------------------------------------------------------------
Finished IO Insertion : Time (s): cpu = 00:00:25 ; elapsed = 00:00:26 . Memory (MB): peak = 1118.051 ; gain = 692.809
---------------------------------------------------------------------------------
---------------------------------------------------------------------------------
Start Renaming Generated Instances
---------------------------------------------------------------------------------
---------------------------------------------------------------------------------
Finished Renaming Generated Instances : Time (s): cpu = 00:00:25 ; elapsed = 00:00:26 . Memory (MB): peak = 1118.051 ; gain = 692.809
---------------------------------------------------------------------------------
---------------------------------------------------------------------------------
Start Rebuilding User Hierarchy
---------------------------------------------------------------------------------
---------------------------------------------------------------------------------
Finished Rebuilding User Hierarchy : Time (s): cpu = 00:00:25 ; elapsed = 00:00:26 . Memory (MB): peak = 1118.051 ; gain = 692.809
---------------------------------------------------------------------------------
---------------------------------------------------------------------------------
Start Renaming Generated Ports
---------------------------------------------------------------------------------
---------------------------------------------------------------------------------
Finished Renaming Generated Ports : Time (s): cpu = 00:00:25 ; elapsed = 00:00:26 . Memory (MB): peak = 1118.051 ; gain = 692.809
---------------------------------------------------------------------------------
---------------------------------------------------------------------------------
Start Handling Custom Attributes
---------------------------------------------------------------------------------
---------------------------------------------------------------------------------
Finished Handling Custom Attributes : Time (s): cpu = 00:00:25 ; elapsed = 00:00:26 . Memory (MB): peak = 1118.051 ; gain = 692.809
---------------------------------------------------------------------------------
---------------------------------------------------------------------------------
Start Renaming Generated Nets
---------------------------------------------------------------------------------
---------------------------------------------------------------------------------
Finished Renaming Generated Nets : Time (s): cpu = 00:00:25 ; elapsed = 00:00:26 . Memory (MB): peak = 1118.051 ; gain = 692.809
---------------------------------------------------------------------------------
---------------------------------------------------------------------------------
Start Writing Synthesis Report
---------------------------------------------------------------------------------

Report BlackBoxes: 
+-+--------------+----------+
| |BlackBox name |Instances |
+-+--------------+----------+
+-+--------------+----------+

Report Cell Usage: 
+------+-------+------+
|      |Cell   |Count |
+------+-------+------+
|1     |BUFG   |     2|
|2     |CARRY4 |    71|
|3     |LUT1   |     5|
|4     |LUT2   |   356|
|5     |LUT3   |    26|
|6     |LUT4   |    13|
|7     |LUT5   |    21|
|8     |LUT6   |    80|
|9     |FDCE   |    96|
|10    |FDPE   |    14|
|11    |FDRE   |    28|
|12    |LDC    |    14|
|13    |IBUF   |    16|
|14    |OBUF   |    28|
+------+-------+------+

Report Instance Areas: 
+------+---------------------+----------+------+
|      |Instance             |Module    |Cells |
+------+---------------------+----------+------+
|1     |top                  |          |   770|
|2     |  create_1s_clock    |clk_div   |    45|
|3     |  convert_hex_H_out0 |bin2hex   |    84|
|4     |  convert_hex_H_out1 |bin2hex_0 |     2|
+------+---------------------+----------+------+
---------------------------------------------------------------------------------
Finished Writing Synthesis Report : Time (s): cpu = 00:00:25 ; elapsed = 00:00:26 . Memory (MB): peak = 1118.051 ; gain = 692.809
---------------------------------------------------------------------------------
Synthesis finished with 0 errors, 0 critical warnings and 5 warnings.
Synthesis Optimization Runtime : Time (s): cpu = 00:00:25 ; elapsed = 00:00:26 . Memory (MB): peak = 1118.051 ; gain = 692.809
Synthesis Optimization Complete : Time (s): cpu = 00:00:25 ; elapsed = 00:00:26 . Memory (MB): peak = 1118.051 ; gain = 692.809
INFO: [Project 1-571] Translating synthesized netlist
Netlist sorting complete. Time (s): cpu = 00:00:00 ; elapsed = 00:00:00.010 . Memory (MB): peak = 1127.832 ; gain = 0.000
INFO: [Netlist 29-17] Analyzing 85 Unisim elements for replacement
INFO: [Netlist 29-28] Unisim Transformation completed in 0 CPU seconds
INFO: [Project 1-570] Preparing netlist for logic optimization
INFO: [Opt 31-138] Pushed 0 inverter(s) to 0 load pin(s).
Netlist sorting complete. Time (s): cpu = 00:00:00 ; elapsed = 00:00:00 . Memory (MB): peak = 1222.602 ; gain = 0.000
INFO: [Project 1-111] Unisim Transformation Summary:
  A total of 14 instances were transformed.
  LDC => LDCE: 14 instances

Synth Design complete, checksum: 139437b8
INFO: [Common 17-83] Releasing license: Synthesis
28 Infos, 5 Warnings, 0 Critical Warnings and 0 Errors encountered.
synth_design completed successfully
synth_design: Time (s): cpu = 00:00:27 ; elapsed = 00:00:29 . Memory (MB): peak = 1222.602 ; gain = 805.227
INFO: [Common 17-1381] The checkpoint 'C:/Users/Siva/project_1/project_1.runs/synth_1/digital_clock.dcp' has been generated.
INFO: [runtcl-4] Executing : report_utilization -file digital_clock_utilization_synth.rpt -pb digital_clock_utilization_synth.pb
INFO: [Common 17-206] Exiting Vivado at Sat Dec 31 20:46:24 2022...
